# JRE version: OpenJDK Runtime Environment Microsoft-9889599 (17.0.12+7) (build 17.0.12+7-LTS)
# Java VM: OpenJDK 64-Bit Server VM Microsoft-9889599 (17.0.12+7-LTS, mixed mode, sharing, tiered, compressed oops, compressed class ptrs, g1 gc, windows-amd64)
GC Precious Log:
 CPUs: 8 total, 8 available
 Memory: 16165M
 Large Page Support: Disabled
 NUMA Support: Disabled
 Compressed Oops: Enabled (32-bit)
 Heap Region Size: 1M
 Heap Min Capacity: 8M
 Heap Initial Capacity: 254M
 Heap Max Capacity: 2G
 Pre-touch: Disabled
 Parallel Workers: 8
 Concurrent Workers: 2
 Concurrent Refinement Workers: 8
 Periodic GC: Disabled
Heap:
 garbage-first heap   total 165888K, used 119313K [0x0000000080000000, 0x0000000100000000)
  region size 1024K, 24 young (24576K), 6 survivors (6144K)
 Metaspace       used 77243K, committed 78080K, reserved 557056K
  class space    used 10788K, committed 11200K, reserved 425984K
GC Heap History (20 events):
Event: 30.591 GC heap before
{Heap before GC invocations=29 (full 0):
 garbage-first heap   total 111616K, used 88264K [0x0000000080000000, 0x0000000100000000)
  region size 1024K, 24 young (24576K), 1 survivors (1024K)
 Metaspace       used 61017K, committed 61632K, reserved 491520K
  class space    used 8653K, committed 8960K, reserved 425984K
}
Event: 30.594 GC heap after
{Heap after GC invocations=30 (full 0):
 garbage-first heap   total 165888K, used 65124K [0x0000000080000000, 0x0000000100000000)
  region size 1024K, 1 young (1024K), 1 survivors (1024K)
 Metaspace       used 61017K, committed 61632K, reserved 491520K
  class space    used 8653K, committed 8960K, reserved 425984K
}
Event: 34.237 GC heap before
{Heap before GC invocations=31 (full 0):
 garbage-first heap   total 165888K, used 122468K [0x0000000080000000, 0x0000000100000000)
  region size 1024K, 58 young (59392K), 1 survivors (1024K)
 Metaspace       used 63596K, committed 64256K, reserved 491520K
  class space    used 9002K, committed 9344K, reserved 425984K
}
Event: 34.245 GC heap after
{Heap after GC invocations=32 (full 0):
 garbage-first heap   total 165888K, used 69800K [0x0000000080000000, 0x0000000100000000)
  region size 1024K, 6 young (6144K), 6 survivors (6144K)
 Metaspace       used 63596K, committed 64256K, reserved 491520K
  class space    used 9002K, committed 9344K, reserved 425984K
}
Event: 34.403 GC heap before
{Heap before GC invocations=32 (full 0):
 garbage-first heap   total 165888K, used 71848K [0x0000000080000000, 0x0000000100000000)
  region size 1024K, 8 young (8192K), 6 survivors (6144K)
 Metaspace       used 63597K, committed 64256K, reserved 491520K
  class space    used 9002K, committed 9344K, reserved 425984K
}
Event: 34.410 GC heap after
{Heap after GC invocations=33 (full 0):
 garbage-first heap   total 165888K, used 70521K [0x0000000080000000, 0x0000000100000000)
  region size 1024K, 1 young (1024K), 1 survivors (1024K)
 Metaspace       used 63597K, committed 64256K, reserved 491520K
  class space    used 9002K, committed 9344K, reserved 425984K
}
Event: 40.484 GC heap before
{Heap before GC invocations=33 (full 0):
 garbage-first heap   total 165888K, used 126841K [0x0000000080000000, 0x0000000100000000)
  region size 1024K, 56 young (57344K), 1 survivors (1024K)
 Metaspace       used 67013K, committed 67776K, reserved 491520K
  class space    used 9520K, committed 9920K, reserved 425984K
}
Event: 40.491 GC heap after
{Heap after GC invocations=34 (full 0):
 garbage-first heap   total 165888K, used 74542K [0x0000000080000000, 0x0000000100000000)
  region size 1024K, 5 young (5120K), 5 survivors (5120K)
 Metaspace       used 67013K, committed 67776K, reserved 491520K
  class space    used 9520K, committed 9920K, reserved 425984K
}
Event: 43.031 GC heap before
{Heap before GC invocations=34 (full 0):
 garbage-first heap   total 165888K, used 128814K [0x0000000080000000, 0x0000000100000000)
  region size 1024K, 58 young (59392K), 5 survivors (5120K)
 Metaspace       used 71685K, committed 72512K, reserved 491520K
  class space    used 10211K, committed 10624K, reserved 425984K
}
Event: 43.038 GC heap after
{Heap after GC invocations=35 (full 0):
 garbage-first heap   total 165888K, used 77293K [0x0000000080000000, 0x0000000100000000)
  region size 1024K, 4 young (4096K), 4 survivors (4096K)
 Metaspace       used 71685K, committed 72512K, reserved 491520K
  class space    used 10211K, committed 10624K, reserved 425984K
}
Event: 46.771 GC heap before
{Heap before GC invocations=35 (full 0):
 garbage-first heap   total 165888K, used 130541K [0x0000000080000000, 0x0000000100000000)
  region size 1024K, 56 young (57344K), 4 survivors (4096K)
 Metaspace       used 73494K, committed 74368K, reserved 491520K
  class space    used 10410K, committed 10816K, reserved 425984K
}
Event: 46.782 GC heap after
{Heap after GC invocations=36 (full 0):
 garbage-first heap   total 165888K, used 83485K [0x0000000080000000, 0x0000000100000000)
  region size 1024K, 7 young (7168K), 7 survivors (7168K)
 Metaspace       used 73494K, committed 74368K, reserved 491520K
  class space    used 10410K, committed 10816K, reserved 425984K
}
Event: 49.491 GC heap before
{Heap before GC invocations=36 (full 0):
 garbage-first heap   total 165888K, used 131613K [0x0000000080000000, 0x0000000100000000)
  region size 1024K, 55 young (56320K), 7 survivors (7168K)
 Metaspace       used 73775K, committed 74624K, reserved 491520K
  class space    used 10413K, committed 10816K, reserved 425984K
}
Event: 49.501 GC heap after
{Heap after GC invocations=37 (full 0):
 garbage-first heap   total 165888K, used 87673K [0x0000000080000000, 0x0000000100000000)
  region size 1024K, 5 young (5120K), 5 survivors (5120K)
 Metaspace       used 73775K, committed 74624K, reserved 491520K
  class space    used 10413K, committed 10816K, reserved 425984K
}
Event: 50.410 GC heap before
{Heap before GC invocations=37 (full 0):
 garbage-first heap   total 165888K, used 131705K [0x0000000080000000, 0x0000000100000000)
  region size 1024K, 49 young (50176K), 5 survivors (5120K)
 Metaspace       used 73790K, committed 74624K, reserved 491520K
  class space    used 10413K, committed 10816K, reserved 425984K
}
Event: 50.417 GC heap after
{Heap after GC invocations=38 (full 0):
 garbage-first heap   total 165888K, used 89066K [0x0000000080000000, 0x0000000100000000)
  region size 1024K, 4 young (4096K), 4 survivors (4096K)
 Metaspace       used 73790K, committed 74624K, reserved 491520K
  class space    used 10413K, committed 10816K, reserved 425984K
}
Event: 51.388 GC heap before
{Heap before GC invocations=38 (full 0):
 garbage-first heap   total 165888K, used 133098K [0x0000000080000000, 0x0000000100000000)
  region size 1024K, 48 young (49152K), 4 survivors (4096K)
 Metaspace       used 73792K, committed 74624K, reserved 491520K
  class space    used 10413K, committed 10816K, reserved 425984K
}
Event: 51.393 GC heap after
{Heap after GC invocations=39 (full 0):
 garbage-first heap   total 165888K, used 90518K [0x0000000080000000, 0x0000000100000000)
  region size 1024K, 4 young (4096K), 4 survivors (4096K)
 Metaspace       used 73792K, committed 74624K, reserved 491520K
  class space    used 10413K, committed 10816K, reserved 425984K
}
Event: 54.088 GC heap before
{Heap before GC invocations=39 (full 0):
 garbage-first heap   total 165888K, used 141718K [0x0000000080000000, 0x0000000100000000)
  region size 1024K, 48 young (49152K), 4 survivors (4096K)
 Metaspace       used 75642K, committed 76544K, reserved 557056K
  class space    used 10644K, committed 11072K, reserved 425984K
}
Event: 54.094 GC heap after
{Heap after GC invocations=40 (full 0):
 garbage-first heap   total 165888K, used 102929K [0x0000000080000000, 0x0000000100000000)
  region size 1024K, 6 young (6144K), 6 survivors (6144K)
 Metaspace       used 75642K, committed 76544K, reserved 557056K
  class space    used 10644K, committed 11072K, reserved 425984K
}

